{"/home/monem/tech/processes/Hoarsecords‏/Hoarsecords‏-task/src/config.ts": {"path":"/home/monem/tech/processes/Hoarsecords‏/Hoarsecords‏-task/src/config.ts","statementMap":{"0":{"start":{"line":1,"column":0},"end":{"line":1,"column":29}},"1":{"start":{"line":2,"column":0},"end":{"line":2,"column":28}},"2":{"start":{"line":3,"column":0},"end":{"line":3,"column":40}},"3":{"start":{"line":5,"column":0},"end":{"line":5,"column":16}},"4":{"start":{"line":6,"column":17},"end":{"line":6,"column":43}},"5":{"start":{"line":7,"column":24},"end":{"line":11,"column":null}},"6":{"start":{"line":13,"column":15},"end":{"line":28,"column":2}},"7":{"start":{"line":30,"column":0},"end":{"line":30,"column":22}}},"fnMap":{},"branchMap":{"0":{"loc":{"start":{"line":8,"column":10},"end":{"line":8,"column":47}},"type":"binary-expr","locations":[{"start":{"line":8,"column":10},"end":{"line":8,"column":32}},{"start":{"line":8,"column":36},"end":{"line":8,"column":47}}]},"1":{"loc":{"start":{"line":9,"column":10},"end":{"line":9,"column":50}},"type":"binary-expr","locations":[{"start":{"line":9,"column":10},"end":{"line":9,"column":42}},{"start":{"line":9,"column":46},"end":{"line":9,"column":50}}]},"2":{"loc":{"start":{"line":10,"column":14},"end":{"line":10,"column":53}},"type":"binary-expr","locations":[{"start":{"line":10,"column":14},"end":{"line":10,"column":40}},{"start":{"line":10,"column":44},"end":{"line":10,"column":53}}]},"3":{"loc":{"start":{"line":15,"column":10},"end":{"line":15,"column":34}},"type":"binary-expr","locations":[{"start":{"line":15,"column":10},"end":{"line":15,"column":26}},{"start":{"line":15,"column":30},"end":{"line":15,"column":34}}]},"4":{"loc":{"start":{"line":22,"column":22},"end":{"line":22,"column":59}},"type":"binary-expr","locations":[{"start":{"line":22,"column":22},"end":{"line":22,"column":54}},{"start":{"line":22,"column":58},"end":{"line":22,"column":59}}]}},"s":{"0":2,"1":2,"2":2,"3":2,"4":2,"5":2,"6":2,"7":2},"f":{},"b":{"0":[2,2],"1":[2,2],"2":[2,2],"3":[2,2],"4":[2,2]}}
,"/home/monem/tech/processes/Hoarsecords‏/Hoarsecords‏-task/src/index.ts": {"path":"/home/monem/tech/processes/Hoarsecords‏/Hoarsecords‏-task/src/index.ts","statementMap":{"0":{"start":{"line":1,"column":0},"end":{"line":1,"column":30}},"1":{"start":{"line":2,"column":0},"end":{"line":2,"column":28}},"2":{"start":{"line":3,"column":0},"end":{"line":3,"column":37}},"3":{"start":{"line":4,"column":0},"end":{"line":4,"column":24}},"4":{"start":{"line":6,"column":0},"end":{"line":6,"column":30}},"5":{"start":{"line":7,"column":0},"end":{"line":7,"column":33}},"6":{"start":{"line":8,"column":0},"end":{"line":8,"column":42}},"7":{"start":{"line":9,"column":0},"end":{"line":9,"column":32}},"8":{"start":{"line":11,"column":13},"end":{"line":11,"column":29}},"9":{"start":{"line":13,"column":0},"end":{"line":13,"column":26}},"10":{"start":{"line":14,"column":0},"end":{"line":14,"column":50}},"11":{"start":{"line":15,"column":0},"end":{"line":15,"column":27}},"12":{"start":{"line":17,"column":0},"end":{"line":17,"column":16}},"13":{"start":{"line":19,"column":0},"end":{"line":19,"column":29}},"14":{"start":{"line":21,"column":0},"end":{"line":21,"column":22}},"15":{"start":{"line":23,"column":0},"end":{"line":25,"column":3}},"16":{"start":{"line":24,"column":4},"end":{"line":24,"column":60}},"17":{"start":{"line":27,"column":0},"end":{"line":30,"column":3}},"18":{"start":{"line":28,"column":4},"end":{"line":28,"column":46}},"19":{"start":{"line":29,"column":4},"end":{"line":29,"column":20}},"20":{"start":{"line":32,"column":0},"end":{"line":35,"column":3}},"21":{"start":{"line":33,"column":4},"end":{"line":33,"column":47}},"22":{"start":{"line":34,"column":4},"end":{"line":34,"column":20}},"23":{"start":{"line":37,"column":0},"end":{"line":40,"column":3}},"24":{"start":{"line":38,"column":4},"end":{"line":38,"column":58}},"25":{"start":{"line":39,"column":4},"end":{"line":39,"column":20}}},"fnMap":{"0":{"name":"(anonymous_1)","decl":{"start":{"line":23,"column":24},"end":{"line":23,"column":27}},"loc":{"start":{"line":23,"column":29},"end":{"line":25,"column":1}}},"1":{"name":"(anonymous_2)","decl":{"start":{"line":27,"column":32},"end":{"line":27,"column":33}},"loc":{"start":{"line":27,"column":40},"end":{"line":30,"column":1}}},"2":{"name":"(anonymous_3)","decl":{"start":{"line":32,"column":33},"end":{"line":32,"column":34}},"loc":{"start":{"line":32,"column":41},"end":{"line":35,"column":1}}},"3":{"name":"(anonymous_4)","decl":{"start":{"line":37,"column":21},"end":{"line":37,"column":24}},"loc":{"start":{"line":37,"column":26},"end":{"line":40,"column":1}}}},"branchMap":{},"s":{"0":2,"1":2,"2":2,"3":2,"4":2,"5":2,"6":2,"7":2,"8":2,"9":2,"10":2,"11":2,"12":2,"13":2,"14":2,"15":2,"16":1,"17":2,"18":0,"19":0,"20":2,"21":0,"22":0,"23":2,"24":0,"25":0},"f":{"0":1,"1":0,"2":0,"3":0},"b":{}}
,"/home/monem/tech/processes/Hoarsecords‏/Hoarsecords‏-task/src/clients/index.ts": {"path":"/home/monem/tech/processes/Hoarsecords‏/Hoarsecords‏-task/src/clients/index.ts","statementMap":{"0":{"start":{"line":1,"column":0},"end":{"line":1,"column":25}},"1":{"start":{"line":2,"column":0},"end":{"line":2,"column":25}},"2":{"start":{"line":3,"column":0},"end":{"line":3,"column":26}}},"fnMap":{},"branchMap":{},"s":{"0":2,"1":2,"2":2},"f":{},"b":{}}
,"/home/monem/tech/processes/Hoarsecords‏/Hoarsecords‏-task/src/clients/logger.ts": {"path":"/home/monem/tech/processes/Hoarsecords‏/Hoarsecords‏-task/src/clients/logger.ts","statementMap":{"0":{"start":{"line":1,"column":0},"end":{"line":1,"column":57}},"1":{"start":{"line":3,"column":44},"end":{"line":3,"column":50}},"2":{"start":{"line":6,"column":13},"end":{"line":11,"column":3}},"3":{"start":{"line":13,"column":0},"end":{"line":23,"column":2}},"4":{"start":{"line":19,"column":16},"end":{"line":19,"column":70}}},"fnMap":{"0":{"name":"(anonymous_0)","decl":{"start":{"line":18,"column":19},"end":{"line":18,"column":20}},"loc":{"start":{"line":18,"column":58},"end":{"line":20,"column":13}}}},"branchMap":{},"s":{"0":2,"1":2,"2":2,"3":2,"4":5},"f":{"0":5},"b":{}}
,"/home/monem/tech/processes/Hoarsecords‏/Hoarsecords‏-task/src/clients/queues.ts": {"path":"/home/monem/tech/processes/Hoarsecords‏/Hoarsecords‏-task/src/clients/queues.ts","statementMap":{"0":{"start":{"line":1,"column":0},"end":{"line":1,"column":29}},"1":{"start":{"line":2,"column":0},"end":{"line":2,"column":31}},"2":{"start":{"line":4,"column":13},"end":{"line":14,"column":3}},"3":{"start":{"line":16,"column":13},"end":{"line":26,"column":3}}},"fnMap":{},"branchMap":{},"s":{"0":2,"1":2,"2":2,"3":2},"f":{},"b":{}}
,"/home/monem/tech/processes/Hoarsecords‏/Hoarsecords‏-task/src/clients/workers.ts": {"path":"/home/monem/tech/processes/Hoarsecords‏/Hoarsecords‏-task/src/clients/workers.ts","statementMap":{"0":{"start":{"line":1,"column":0},"end":{"line":1,"column":30}},"1":{"start":{"line":3,"column":0},"end":{"line":3,"column":31}},"2":{"start":{"line":4,"column":0},"end":{"line":4,"column":106}},"3":{"start":{"line":6,"column":19},"end":{"line":11,"column":null}},"4":{"start":{"line":14,"column":0},"end":{"line":14,"column":45}},"5":{"start":{"line":15,"column":0},"end":{"line":15,"column":49}},"6":{"start":{"line":17,"column":30},"end":{"line":22,"column":null}},"7":{"start":{"line":25,"column":0},"end":{"line":25,"column":56}},"8":{"start":{"line":26,"column":0},"end":{"line":26,"column":60}}},"fnMap":{},"branchMap":{},"s":{"0":2,"1":2,"2":2,"3":2,"4":2,"5":2,"6":2,"7":2,"8":2},"f":{},"b":{}}
,"/home/monem/tech/processes/Hoarsecords‏/Hoarsecords‏-task/src/controllers/dlq.ts": {"path":"/home/monem/tech/processes/Hoarsecords‏/Hoarsecords‏-task/src/controllers/dlq.ts","statementMap":{"0":{"start":{"line":9,"column":0},"end":{"line":9,"column":7}},"1":{"start":{"line":31,"column":0},"end":{"line":31,"column":7}},"2":{"start":{"line":2,"column":0},"end":{"line":2,"column":39}},"3":{"start":{"line":10,"column":4},"end":{"line":23,"column":5}},"4":{"start":{"line":11,"column":21},"end":{"line":11,"column":84}},"5":{"start":{"line":12,"column":25},"end":{"line":17,"column":11}},"6":{"start":{"line":12,"column":42},"end":{"line":17,"column":10}},"7":{"start":{"line":19,"column":8},"end":{"line":19,"column":46}},"8":{"start":{"line":21,"column":8},"end":{"line":21,"column":66}},"9":{"start":{"line":22,"column":8},"end":{"line":22,"column":76}},"10":{"start":{"line":32,"column":4},"end":{"line":40,"column":5}},"11":{"start":{"line":33,"column":21},"end":{"line":33,"column":84}},"12":{"start":{"line":34,"column":8},"end":{"line":34,"column":57}},"13":{"start":{"line":34,"column":42},"end":{"line":34,"column":54}},"14":{"start":{"line":36,"column":8},"end":{"line":36,"column":63}},"15":{"start":{"line":38,"column":8},"end":{"line":38,"column":60}},"16":{"start":{"line":39,"column":8},"end":{"line":39,"column":70}}},"fnMap":{"0":{"name":"getTasksFromDLQ","decl":{"start":{"line":9,"column":22},"end":{"line":9,"column":37}},"loc":{"start":{"line":9,"column":65},"end":{"line":24,"column":1}}},"1":{"name":"(anonymous_1)","decl":{"start":{"line":12,"column":34},"end":{"line":12,"column":37}},"loc":{"start":{"line":12,"column":42},"end":{"line":17,"column":10}}},"2":{"name":"emptyDLQ","decl":{"start":{"line":31,"column":22},"end":{"line":31,"column":30}},"loc":{"start":{"line":31,"column":58},"end":{"line":41,"column":1}}},"3":{"name":"(anonymous_3)","decl":{"start":{"line":34,"column":35},"end":{"line":34,"column":38}},"loc":{"start":{"line":34,"column":42},"end":{"line":34,"column":54}}}},"branchMap":{"0":{"loc":{"start":{"line":16,"column":19},"end":{"line":16,"column":53}},"type":"binary-expr","locations":[{"start":{"line":16,"column":19},"end":{"line":16,"column":35}},{"start":{"line":16,"column":39},"end":{"line":16,"column":53}}]}},"s":{"0":2,"1":2,"2":2,"3":1,"4":1,"5":1,"6":0,"7":1,"8":0,"9":0,"10":1,"11":1,"12":1,"13":0,"14":1,"15":0,"16":0},"f":{"0":1,"1":0,"2":1,"3":0},"b":{"0":[0,0]}}
,"/home/monem/tech/processes/Hoarsecords‏/Hoarsecords‏-task/src/controllers/index.ts": {"path":"/home/monem/tech/processes/Hoarsecords‏/Hoarsecords‏-task/src/controllers/index.ts","statementMap":{"0":{"start":{"line":1,"column":0},"end":{"line":1,"column":24}},"1":{"start":{"line":2,"column":0},"end":{"line":2,"column":22}},"2":{"start":{"line":3,"column":0},"end":{"line":3,"column":26}}},"fnMap":{},"branchMap":{},"s":{"0":2,"1":2,"2":2},"f":{},"b":{}}
,"/home/monem/tech/processes/Hoarsecords‏/Hoarsecords‏-task/src/controllers/monitor.ts": {"path":"/home/monem/tech/processes/Hoarsecords‏/Hoarsecords‏-task/src/controllers/monitor.ts","statementMap":{"0":{"start":{"line":1,"column":0},"end":{"line":1,"column":31}},"1":{"start":{"line":2,"column":0},"end":{"line":2,"column":29}},"2":{"start":{"line":3,"column":0},"end":{"line":3,"column":31}},"3":{"start":{"line":5,"column":13},"end":{"line":21,"column":2}}},"fnMap":{},"branchMap":{},"s":{"0":2,"1":2,"2":2,"3":2},"f":{},"b":{}}
,"/home/monem/tech/processes/Hoarsecords‏/Hoarsecords‏-task/src/controllers/tasks.ts": {"path":"/home/monem/tech/processes/Hoarsecords‏/Hoarsecords‏-task/src/controllers/tasks.ts","statementMap":{"0":{"start":{"line":19,"column":0},"end":{"line":19,"column":7}},"1":{"start":{"line":2,"column":0},"end":{"line":2,"column":50}},"2":{"start":{"line":3,"column":0},"end":{"line":3,"column":40}},"3":{"start":{"line":20,"column":45},"end":{"line":20,"column":53}},"4":{"start":{"line":21,"column":53},"end":{"line":21,"column":62}},"5":{"start":{"line":22,"column":18},"end":{"line":22,"column":49}},"6":{"start":{"line":24,"column":4},"end":{"line":35,"column":5}},"7":{"start":{"line":25,"column":8},"end":{"line":27,"column":9}},"8":{"start":{"line":26,"column":12},"end":{"line":26,"column":59}},"9":{"start":{"line":28,"column":8},"end":{"line":28,"column":64}},"10":{"start":{"line":29,"column":21},"end":{"line":29,"column":72}},"11":{"start":{"line":30,"column":8},"end":{"line":30,"column":82}},"12":{"start":{"line":32,"column":23},"end":{"line":32,"column":92}},"13":{"start":{"line":33,"column":8},"end":{"line":33,"column":104}},"14":{"start":{"line":34,"column":8},"end":{"line":34,"column":49}}},"fnMap":{"0":{"name":"createTask","decl":{"start":{"line":19,"column":22},"end":{"line":19,"column":32}},"loc":{"start":{"line":19,"column":60},"end":{"line":36,"column":1}}}},"branchMap":{"0":{"loc":{"start":{"line":25,"column":8},"end":{"line":27,"column":9}},"type":"if","locations":[{"start":{"line":25,"column":8},"end":{"line":27,"column":9}}]}},"s":{"0":2,"1":2,"2":2,"3":2,"4":2,"5":2,"6":2,"7":2,"8":0,"9":2,"10":2,"11":2,"12":0,"13":0,"14":0},"f":{"0":2},"b":{"0":[0]}}
,"/home/monem/tech/processes/Hoarsecords‏/Hoarsecords‏-task/src/middleware/errorHandler.ts": {"path":"/home/monem/tech/processes/Hoarsecords‏/Hoarsecords‏-task/src/middleware/errorHandler.ts","statementMap":{"0":{"start":{"line":2,"column":0},"end":{"line":2,"column":39}},"1":{"start":{"line":4,"column":49},"end":{"line":6,"column":1}},"2":{"start":{"line":5,"column":4},"end":{"line":5,"column":26}},"3":{"start":{"line":4,"column":13},"end":{"line":4,"column":49}}},"fnMap":{"0":{"name":"(anonymous_0)","decl":{"start":{"line":4,"column":49},"end":{"line":4,"column":50}},"loc":{"start":{"line":4,"column":73},"end":{"line":6,"column":1}}}},"branchMap":{},"s":{"0":2,"1":2,"2":0,"3":2},"f":{"0":0},"b":{}}
,"/home/monem/tech/processes/Hoarsecords‏/Hoarsecords‏-task/src/middleware/index.ts": {"path":"/home/monem/tech/processes/Hoarsecords‏/Hoarsecords‏-task/src/middleware/index.ts","statementMap":{"0":{"start":{"line":1,"column":0},"end":{"line":1,"column":31}},"1":{"start":{"line":2,"column":0},"end":{"line":2,"column":28}}},"fnMap":{},"branchMap":{},"s":{"0":2,"1":2},"f":{},"b":{}}
,"/home/monem/tech/processes/Hoarsecords‏/Hoarsecords‏-task/src/middleware/validator.ts": {"path":"/home/monem/tech/processes/Hoarsecords‏/Hoarsecords‏-task/src/middleware/validator.ts","statementMap":{"0":{"start":{"line":1,"column":0},"end":{"line":1,"column":51}},"1":{"start":{"line":4,"column":36},"end":{"line":10,"column":1}},"2":{"start":{"line":5,"column":19},"end":{"line":5,"column":40}},"3":{"start":{"line":6,"column":4},"end":{"line":8,"column":5}},"4":{"start":{"line":7,"column":8},"end":{"line":7,"column":62}},"5":{"start":{"line":9,"column":4},"end":{"line":9,"column":11}},"6":{"start":{"line":4,"column":13},"end":{"line":4,"column":36}}},"fnMap":{"0":{"name":"(anonymous_0)","decl":{"start":{"line":4,"column":36},"end":{"line":4,"column":37}},"loc":{"start":{"line":4,"column":88},"end":{"line":10,"column":1}}}},"branchMap":{"0":{"loc":{"start":{"line":6,"column":4},"end":{"line":8,"column":5}},"type":"if","locations":[{"start":{"line":6,"column":4},"end":{"line":8,"column":5}}]}},"s":{"0":2,"1":2,"2":3,"3":3,"4":1,"5":2,"6":2},"f":{"0":3},"b":{"0":[1]}}
,"/home/monem/tech/processes/Hoarsecords‏/Hoarsecords‏-task/src/routes/dlq.ts": {"path":"/home/monem/tech/processes/Hoarsecords‏/Hoarsecords‏-task/src/routes/dlq.ts","statementMap":{"0":{"start":{"line":1,"column":0},"end":{"line":1,"column":31}},"1":{"start":{"line":3,"column":0},"end":{"line":3,"column":57}},"2":{"start":{"line":5,"column":13},"end":{"line":5,"column":34}},"3":{"start":{"line":7,"column":0},"end":{"line":7,"column":36}},"4":{"start":{"line":8,"column":0},"end":{"line":8,"column":32}}},"fnMap":{},"branchMap":{},"s":{"0":2,"1":2,"2":2,"3":2,"4":2},"f":{},"b":{}}
,"/home/monem/tech/processes/Hoarsecords‏/Hoarsecords‏-task/src/routes/index.ts": {"path":"/home/monem/tech/processes/Hoarsecords‏/Hoarsecords‏-task/src/routes/index.ts","statementMap":{"0":{"start":{"line":1,"column":0},"end":{"line":1,"column":31}},"1":{"start":{"line":3,"column":0},"end":{"line":3,"column":36}},"2":{"start":{"line":4,"column":0},"end":{"line":4,"column":32}},"3":{"start":{"line":5,"column":0},"end":{"line":5,"column":41}},"4":{"start":{"line":7,"column":17},"end":{"line":7,"column":25}},"5":{"start":{"line":9,"column":0},"end":{"line":9,"column":36}},"6":{"start":{"line":10,"column":0},"end":{"line":10,"column":32}},"7":{"start":{"line":11,"column":0},"end":{"line":11,"column":41}},"8":{"start":{"line":13,"column":0},"end":{"line":13,"column":24}}},"fnMap":{},"branchMap":{},"s":{"0":2,"1":2,"2":2,"3":2,"4":2,"5":2,"6":2,"7":2,"8":2},"f":{},"b":{}}
,"/home/monem/tech/processes/Hoarsecords‏/Hoarsecords‏-task/src/routes/monitor.ts": {"path":"/home/monem/tech/processes/Hoarsecords‏/Hoarsecords‏-task/src/routes/monitor.ts","statementMap":{"0":{"start":{"line":1,"column":0},"end":{"line":1,"column":31}},"1":{"start":{"line":2,"column":0},"end":{"line":2,"column":37}},"2":{"start":{"line":4,"column":13},"end":{"line":4,"column":39}},"3":{"start":{"line":6,"column":0},"end":{"line":6,"column":31}}},"fnMap":{},"branchMap":{},"s":{"0":2,"1":2,"2":2,"3":2},"f":{},"b":{}}
,"/home/monem/tech/processes/Hoarsecords‏/Hoarsecords‏-task/src/routes/tasks.ts": {"path":"/home/monem/tech/processes/Hoarsecords‏/Hoarsecords‏-task/src/routes/tasks.ts","statementMap":{"0":{"start":{"line":1,"column":0},"end":{"line":1,"column":31}},"1":{"start":{"line":3,"column":0},"end":{"line":3,"column":42}},"2":{"start":{"line":4,"column":0},"end":{"line":4,"column":50}},"3":{"start":{"line":6,"column":13},"end":{"line":6,"column":36}},"4":{"start":{"line":8,"column":0},"end":{"line":8,"column":null}}},"fnMap":{},"branchMap":{},"s":{"0":2,"1":2,"2":2,"3":2,"4":2},"f":{},"b":{}}
,"/home/monem/tech/processes/Hoarsecords‏/Hoarsecords‏-task/src/services/index.ts": {"path":"/home/monem/tech/processes/Hoarsecords‏/Hoarsecords‏-task/src/services/index.ts","statementMap":{"0":{"start":{"line":1,"column":0},"end":{"line":1,"column":34}}},"fnMap":{},"branchMap":{},"s":{"0":2},"f":{},"b":{}}
,"/home/monem/tech/processes/Hoarsecords‏/Hoarsecords‏-task/src/services/workersHandlers.ts": {"path":"/home/monem/tech/processes/Hoarsecords‏/Hoarsecords‏-task/src/services/workersHandlers.ts","statementMap":{"0":{"start":{"line":3,"column":0},"end":{"line":3,"column":7}},"1":{"start":{"line":17,"column":0},"end":{"line":17,"column":7}},"2":{"start":{"line":26,"column":0},"end":{"line":26,"column":7}},"3":{"start":{"line":30,"column":0},"end":{"line":30,"column":7}},"4":{"start":{"line":1,"column":0},"end":{"line":1,"column":39}},"5":{"start":{"line":4,"column":4},"end":{"line":4,"column":53}},"6":{"start":{"line":5,"column":4},"end":{"line":5,"column":76}},"7":{"start":{"line":8,"column":4},"end":{"line":10,"column":5}},"8":{"start":{"line":9,"column":8},"end":{"line":9,"column":68}},"9":{"start":{"line":12,"column":4},"end":{"line":12,"column":60}},"10":{"start":{"line":12,"column":33},"end":{"line":12,"column":58}},"11":{"start":{"line":14,"column":4},"end":{"line":14,"column":64}},"12":{"start":{"line":18,"column":4},"end":{"line":18,"column":66}},"13":{"start":{"line":19,"column":4},"end":{"line":19,"column":75}},"14":{"start":{"line":21,"column":4},"end":{"line":21,"column":60}},"15":{"start":{"line":21,"column":33},"end":{"line":21,"column":58}},"16":{"start":{"line":22,"column":4},"end":{"line":22,"column":77}},"17":{"start":{"line":27,"column":4},"end":{"line":27,"column":57}},"18":{"start":{"line":31,"column":4},"end":{"line":31,"column":58}},"19":{"start":{"line":32,"column":4},"end":{"line":43,"column":5}},"20":{"start":{"line":33,"column":8},"end":{"line":40,"column":9}},"21":{"start":{"line":34,"column":12},"end":{"line":34,"column":71}},"22":{"start":{"line":35,"column":12},"end":{"line":39,"column":15}},"23":{"start":{"line":42,"column":8},"end":{"line":42,"column":92}}},"fnMap":{"0":{"name":"taskWorkerHandler","decl":{"start":{"line":3,"column":22},"end":{"line":3,"column":39}},"loc":{"start":{"line":3,"column":43},"end":{"line":15,"column":1}}},"1":{"name":"(anonymous_1)","decl":{"start":{"line":12,"column":22},"end":{"line":12,"column":29}},"loc":{"start":{"line":12,"column":33},"end":{"line":12,"column":58}}},"2":{"name":"dlqWorkerHandler","decl":{"start":{"line":17,"column":22},"end":{"line":17,"column":38}},"loc":{"start":{"line":17,"column":42},"end":{"line":23,"column":1}}},"3":{"name":"(anonymous_3)","decl":{"start":{"line":21,"column":22},"end":{"line":21,"column":29}},"loc":{"start":{"line":21,"column":33},"end":{"line":21,"column":58}}},"4":{"name":"onSuccessTaskHandler","decl":{"start":{"line":26,"column":22},"end":{"line":26,"column":42}},"loc":{"start":{"line":26,"column":46},"end":{"line":28,"column":1}}},"5":{"name":"onFailedTaskHandler","decl":{"start":{"line":30,"column":22},"end":{"line":30,"column":41}},"loc":{"start":{"line":30,"column":50},"end":{"line":44,"column":1}}}},"branchMap":{"0":{"loc":{"start":{"line":8,"column":4},"end":{"line":10,"column":5}},"type":"if","locations":[{"start":{"line":8,"column":4},"end":{"line":10,"column":5}}]},"1":{"loc":{"start":{"line":33,"column":8},"end":{"line":40,"column":9}},"type":"if","locations":[{"start":{"line":33,"column":8},"end":{"line":40,"column":9}}]}},"s":{"0":2,"1":2,"2":2,"3":2,"4":2,"5":2,"6":2,"7":2,"8":0,"9":2,"10":2,"11":0,"12":0,"13":0,"14":0,"15":0,"16":0,"17":0,"18":0,"19":0,"20":0,"21":0,"22":0,"23":0},"f":{"0":2,"1":2,"2":0,"3":0,"4":0,"5":0},"b":{"0":[0],"1":[0]}}
,"/home/monem/tech/processes/Hoarsecords‏/Hoarsecords‏-task/src/utils/calculateDelay.ts": {"path":"/home/monem/tech/processes/Hoarsecords‏/Hoarsecords‏-task/src/utils/calculateDelay.ts","statementMap":{"0":{"start":{"line":1,"column":0},"end":{"line":1,"column":16}},"1":{"start":{"line":2,"column":4},"end":{"line":4,"column":null}}},"fnMap":{"0":{"name":"calculateDelay","decl":{"start":{"line":1,"column":16},"end":{"line":1,"column":30}},"loc":{"start":{"line":1,"column":42},"end":{"line":5,"column":1}}}},"branchMap":{"0":{"loc":{"start":{"line":2,"column":11},"end":{"line":4,"column":11}},"type":"cond-expr","locations":[{"start":{"line":3,"column":10},"end":{"line":3,"column":47}},{"start":{"line":4,"column":10},"end":{"line":4,"column":11}}]}},"s":{"0":2,"1":2},"f":{"0":2},"b":{"0":[0,2]}}
,"/home/monem/tech/processes/Hoarsecords‏/Hoarsecords‏-task/src/utils/handleError.ts": {"path":"/home/monem/tech/processes/Hoarsecords‏/Hoarsecords‏-task/src/utils/handleError.ts","statementMap":{"0":{"start":{"line":3,"column":27},"end":{"line":13,"column":1}},"1":{"start":{"line":4,"column":4},"end":{"line":12,"column":5}},"2":{"start":{"line":5,"column":8},"end":{"line":5,"column":53}},"3":{"start":{"line":6,"column":8},"end":{"line":6,"column":15}},"4":{"start":{"line":7,"column":11},"end":{"line":12,"column":5}},"5":{"start":{"line":8,"column":8},"end":{"line":8,"column":34}},"6":{"start":{"line":9,"column":8},"end":{"line":9,"column":15}},"7":{"start":{"line":10,"column":11},"end":{"line":12,"column":5}},"8":{"start":{"line":11,"column":8},"end":{"line":11,"column":45}},"9":{"start":{"line":3,"column":13},"end":{"line":3,"column":27}}},"fnMap":{"0":{"name":"(anonymous_0)","decl":{"start":{"line":3,"column":27},"end":{"line":3,"column":28}},"loc":{"start":{"line":3,"column":59},"end":{"line":13,"column":1}}}},"branchMap":{"0":{"loc":{"start":{"line":4,"column":4},"end":{"line":12,"column":5}},"type":"if","locations":[{"start":{"line":4,"column":4},"end":{"line":12,"column":5}},{"start":{"line":7,"column":11},"end":{"line":12,"column":5}}]},"1":{"loc":{"start":{"line":7,"column":11},"end":{"line":12,"column":5}},"type":"if","locations":[{"start":{"line":7,"column":11},"end":{"line":12,"column":5}},{"start":{"line":10,"column":11},"end":{"line":12,"column":5}}]},"2":{"loc":{"start":{"line":10,"column":11},"end":{"line":12,"column":5}},"type":"if","locations":[{"start":{"line":10,"column":11},"end":{"line":12,"column":5}}]}},"s":{"0":2,"1":0,"2":0,"3":0,"4":0,"5":0,"6":0,"7":0,"8":0,"9":2},"f":{"0":0},"b":{"0":[0,0],"1":[0,0],"2":[0]}}
,"/home/monem/tech/processes/Hoarsecords‏/Hoarsecords‏-task/src/utils/index.ts": {"path":"/home/monem/tech/processes/Hoarsecords‏/Hoarsecords‏-task/src/utils/index.ts","statementMap":{"0":{"start":{"line":1,"column":0},"end":{"line":1,"column":30}},"1":{"start":{"line":2,"column":0},"end":{"line":2,"column":33}}},"fnMap":{},"branchMap":{},"s":{"0":2,"1":2},"f":{},"b":{}}
,"/home/monem/tech/processes/Hoarsecords‏/Hoarsecords‏-task/src/validators/index.ts": {"path":"/home/monem/tech/processes/Hoarsecords‏/Hoarsecords‏-task/src/validators/index.ts","statementMap":{"0":{"start":{"line":1,"column":0},"end":{"line":1,"column":24}}},"fnMap":{},"branchMap":{},"s":{"0":2},"f":{},"b":{}}
,"/home/monem/tech/processes/Hoarsecords‏/Hoarsecords‏-task/src/validators/tasks.ts": {"path":"/home/monem/tech/processes/Hoarsecords‏/Hoarsecords‏-task/src/validators/tasks.ts","statementMap":{"0":{"start":{"line":1,"column":0},"end":{"line":1,"column":39}},"1":{"start":{"line":2,"column":0},"end":{"line":2,"column":51}},"2":{"start":{"line":4,"column":13},"end":{"line":9,"column":2}}},"fnMap":{},"branchMap":{},"s":{"0":2,"1":2,"2":2},"f":{},"b":{}}
}
