TN:
SF:src/config.ts
FNF:0
FNH:0
DA:1,2
DA:2,2
DA:3,2
DA:5,2
DA:6,2
DA:7,2
DA:13,2
DA:30,2
LF:8
LH:8
BRDA:8,0,0,2
BRDA:8,0,1,2
BRDA:9,1,0,2
BRDA:9,1,1,2
BRDA:10,2,0,2
BRDA:10,2,1,2
BRDA:15,3,0,2
BRDA:15,3,1,2
BRDA:22,4,0,2
BRDA:22,4,1,2
BRF:10
BRH:10
end_of_record
TN:
SF:src/index.ts
FN:23,(anonymous_1)
FN:27,(anonymous_2)
FN:32,(anonymous_3)
FN:37,(anonymous_4)
FNF:4
FNH:1
FNDA:1,(anonymous_1)
FNDA:0,(anonymous_2)
FNDA:0,(anonymous_3)
FNDA:0,(anonymous_4)
DA:1,2
DA:2,2
DA:3,2
DA:4,2
DA:6,2
DA:7,2
DA:8,2
DA:9,2
DA:11,2
DA:13,2
DA:14,2
DA:15,2
DA:17,2
DA:19,2
DA:21,2
DA:23,2
DA:24,1
DA:27,2
DA:28,0
DA:29,0
DA:32,2
DA:33,0
DA:34,0
DA:37,2
DA:38,0
DA:39,0
LF:26
LH:20
BRF:0
BRH:0
end_of_record
TN:
SF:src/clients/index.ts
FNF:0
FNH:0
DA:1,2
DA:2,2
DA:3,2
LF:3
LH:3
BRF:0
BRH:0
end_of_record
TN:
SF:src/clients/logger.ts
FN:18,(anonymous_0)
FNF:1
FNH:1
FNDA:5,(anonymous_0)
DA:1,2
DA:3,2
DA:6,2
DA:13,2
DA:19,5
LF:5
LH:5
BRF:0
BRH:0
end_of_record
TN:
SF:src/clients/queues.ts
FNF:0
FNH:0
DA:1,2
DA:2,2
DA:4,2
DA:16,2
LF:4
LH:4
BRF:0
BRH:0
end_of_record
TN:
SF:src/clients/workers.ts
FNF:0
FNH:0
DA:1,2
DA:3,2
DA:4,2
DA:6,2
DA:14,2
DA:15,2
DA:17,2
DA:25,2
DA:26,2
LF:9
LH:9
BRF:0
BRH:0
end_of_record
TN:
SF:src/controllers/dlq.ts
FN:9,getTasksFromDLQ
FN:12,(anonymous_1)
FN:31,emptyDLQ
FN:34,(anonymous_3)
FNF:4
FNH:2
FNDA:1,getTasksFromDLQ
FNDA:0,(anonymous_1)
FNDA:1,emptyDLQ
FNDA:0,(anonymous_3)
DA:2,2
DA:9,2
DA:10,1
DA:11,1
DA:12,1
DA:19,1
DA:21,0
DA:22,0
DA:31,2
DA:32,1
DA:33,1
DA:34,1
DA:36,1
DA:38,0
DA:39,0
LF:15
LH:11
BRDA:16,0,0,0
BRDA:16,0,1,0
BRF:2
BRH:0
end_of_record
TN:
SF:src/controllers/index.ts
FNF:0
FNH:0
DA:1,2
DA:2,2
DA:3,2
LF:3
LH:3
BRF:0
BRH:0
end_of_record
TN:
SF:src/controllers/monitor.ts
FNF:0
FNH:0
DA:1,2
DA:2,2
DA:3,2
DA:5,2
LF:4
LH:4
BRF:0
BRH:0
end_of_record
TN:
SF:src/controllers/tasks.ts
FN:19,createTask
FNF:1
FNH:1
FNDA:2,createTask
DA:2,2
DA:3,2
DA:19,2
DA:20,2
DA:21,2
DA:22,2
DA:24,2
DA:25,2
DA:26,0
DA:28,2
DA:29,2
DA:30,2
DA:32,0
DA:33,0
DA:34,0
LF:15
LH:11
BRDA:25,0,0,0
BRF:1
BRH:0
end_of_record
TN:
SF:src/middleware/errorHandler.ts
FN:4,(anonymous_0)
FNF:1
FNH:0
FNDA:0,(anonymous_0)
DA:2,2
DA:4,2
DA:5,0
LF:3
LH:2
BRF:0
BRH:0
end_of_record
TN:
SF:src/middleware/index.ts
FNF:0
FNH:0
DA:1,2
DA:2,2
LF:2
LH:2
BRF:0
BRH:0
end_of_record
TN:
SF:src/middleware/validator.ts
FN:4,(anonymous_0)
FNF:1
FNH:1
FNDA:3,(anonymous_0)
DA:1,2
DA:4,2
DA:5,3
DA:6,3
DA:7,1
DA:9,2
LF:6
LH:6
BRDA:6,0,0,1
BRF:1
BRH:1
end_of_record
TN:
SF:src/routes/dlq.ts
FNF:0
FNH:0
DA:1,2
DA:3,2
DA:5,2
DA:7,2
DA:8,2
LF:5
LH:5
BRF:0
BRH:0
end_of_record
TN:
SF:src/routes/index.ts
FNF:0
FNH:0
DA:1,2
DA:3,2
DA:4,2
DA:5,2
DA:7,2
DA:9,2
DA:10,2
DA:11,2
DA:13,2
LF:9
LH:9
BRF:0
BRH:0
end_of_record
TN:
SF:src/routes/monitor.ts
FNF:0
FNH:0
DA:1,2
DA:2,2
DA:4,2
DA:6,2
LF:4
LH:4
BRF:0
BRH:0
end_of_record
TN:
SF:src/routes/tasks.ts
FNF:0
FNH:0
DA:1,2
DA:3,2
DA:4,2
DA:6,2
DA:8,2
LF:5
LH:5
BRF:0
BRH:0
end_of_record
TN:
SF:src/services/index.ts
FNF:0
FNH:0
DA:1,2
LF:1
LH:1
BRF:0
BRH:0
end_of_record
TN:
SF:src/services/workersHandlers.ts
FN:3,taskWorkerHandler
FN:12,(anonymous_1)
FN:17,dlqWorkerHandler
FN:21,(anonymous_3)
FN:26,onSuccessTaskHandler
FN:30,onFailedTaskHandler
FNF:6
FNH:2
FNDA:2,taskWorkerHandler
FNDA:2,(anonymous_1)
FNDA:0,dlqWorkerHandler
FNDA:0,(anonymous_3)
FNDA:0,onSuccessTaskHandler
FNDA:0,onFailedTaskHandler
DA:1,2
DA:3,2
DA:4,2
DA:5,2
DA:8,2
DA:9,0
DA:12,2
DA:14,0
DA:17,2
DA:18,0
DA:19,0
DA:21,0
DA:22,0
DA:26,2
DA:27,0
DA:30,2
DA:31,0
DA:32,0
DA:33,0
DA:34,0
DA:35,0
DA:42,0
LF:22
LH:9
BRDA:8,0,0,0
BRDA:33,1,0,0
BRF:2
BRH:0
end_of_record
TN:
SF:src/utils/calculateDelay.ts
FN:1,calculateDelay
FNF:1
FNH:1
FNDA:2,calculateDelay
DA:1,2
DA:2,2
LF:2
LH:2
BRDA:2,0,0,0
BRDA:2,0,1,2
BRF:2
BRH:1
end_of_record
TN:
SF:src/utils/handleError.ts
FN:3,(anonymous_0)
FNF:1
FNH:0
FNDA:0,(anonymous_0)
DA:3,2
DA:4,0
DA:5,0
DA:6,0
DA:7,0
DA:8,0
DA:9,0
DA:10,0
DA:11,0
LF:9
LH:1
BRDA:4,0,0,0
BRDA:4,0,1,0
BRDA:7,1,0,0
BRDA:7,1,1,0
BRDA:10,2,0,0
BRF:5
BRH:0
end_of_record
TN:
SF:src/utils/index.ts
FNF:0
FNH:0
DA:1,2
DA:2,2
LF:2
LH:2
BRF:0
BRH:0
end_of_record
TN:
SF:src/validators/index.ts
FNF:0
FNH:0
DA:1,2
LF:1
LH:1
BRF:0
BRH:0
end_of_record
TN:
SF:src/validators/tasks.ts
FNF:0
FNH:0
DA:1,2
DA:2,2
DA:4,2
LF:3
LH:3
BRF:0
BRH:0
end_of_record
